[    20.357] (--) Log file renamed from "/home/tasneem/.local/share/xorg/Xorg.pid-1000.log" to "/home/tasneem/.local/share/xorg/Xorg.0.log"
[    20.363] 
X.Org X Server 1.20.13
X Protocol Version 11, Revision 0
[    20.364] Build Operating System: linux Ubuntu
[    20.364] Current Operating System: Linux tasneem-virtual-machine 5.15.0-102-generic #112~20.04.1-Ubuntu SMP Thu Mar 14 14:28:24 UTC 2024 x86_64
[    20.364] Kernel command line: BOOT_IMAGE=/boot/vmlinuz-5.15.0-102-generic root=UUID=ecad5d23-7b95-4059-8588-2038a77e3f8a ro quiet splash
[    20.364] Build Date: 09 April 2024  01:36:10AM
[    20.364] xorg-server 2:1.20.13-1ubuntu1~20.04.17 (For technical support please see http://www.ubuntu.com/support) 
[    20.364] Current version of pixman: 0.38.4
[    20.364] 	Before reporting problems, check http://wiki.x.org
	to make sure that you have the latest version.
[    20.364] Markers: (--) probed, (**) from config file, (==) default setting,
	(++) from command line, (!!) notice, (II) informational,
	(WW) warning, (EE) error, (NI) not implemented, (??) unknown.
[    20.364] (==) Log file: "/home/tasneem/.local/share/xorg/Xorg.0.log", Time: Thu May  2 20:55:19 2024
[    20.368] (==) Using system config directory "/usr/share/X11/xorg.conf.d"
[    20.373] (==) No Layout section.  Using the first Screen section.
[    20.373] (==) No screen section available. Using defaults.
[    20.373] (**) |-->Screen "Default Screen Section" (0)
[    20.374] (**) |   |-->Monitor "<default monitor>"
[    20.379] (==) No monitor specified for screen "Default Screen Section".
	Using a default monitor configuration.
[    20.379] (==) Automatically adding devices
[    20.379] (==) Automatically enabling devices
[    20.379] (==) Automatically adding GPU devices
[    20.379] (==) Automatically binding GPU devices
[    20.379] (==) Max clients allowed: 256, resource mask: 0x1fffff
[    20.385] (WW) The directory "/usr/share/fonts/X11/cyrillic" does not exist.
[    20.385] 	Entry deleted from font path.
[    20.385] (WW) The directory "/usr/share/fonts/X11/100dpi/" does not exist.
[    20.385] 	Entry deleted from font path.
[    20.385] (WW) The directory "/usr/share/fonts/X11/75dpi/" does not exist.
[    20.385] 	Entry deleted from font path.
[    20.386] (WW) The directory "/usr/share/fonts/X11/100dpi" does not exist.
[    20.386] 	Entry deleted from font path.
[    20.386] (WW) The directory "/usr/share/fonts/X11/75dpi" does not exist.
[    20.386] 	Entry deleted from font path.
[    20.386] (==) FontPath set to:
	/usr/share/fonts/X11/misc,
	/usr/share/fonts/X11/Type1,
	built-ins
[    20.386] (==) ModulePath set to "/usr/lib/xorg/modules"
[    20.386] (II) The server relies on udev to provide the list of input devices.
	If no devices become available, reconfigure udev or disable AutoAddDevices.
[    20.386] (II) Loader magic: 0x559bc52f8020
[    20.386] (II) Module ABI versions:
[    20.386] 	X.Org ANSI C Emulation: 0.4
[    20.386] 	X.Org Video Driver: 24.1
[    20.386] 	X.Org XInput driver : 24.1
[    20.387] 	X.Org Server Extension : 10.0
[    20.394] (++) using VT number 2

[    20.404] (II) systemd-logind: took control of session /org/freedesktop/login1/session/_31
[    20.410] (II) xfree86: Adding drm device (/dev/dri/card0)
[    20.415] (II) systemd-logind: got fd for /dev/dri/card0 226:0 fd 12 paused 0
[    20.443] (--) PCI:*(0@0:15:0) 15ad:0405:15ad:0405 rev 0, Mem @ 0xe8000000/134217728, 0xfe000000/8388608, I/O @ 0x00001070/16, BIOS @ 0x????????/131072
[    20.444] (II) LoadModule: "glx"
[    20.447] (II) Loading /usr/lib/xorg/modules/extensions/libglx.so
[    20.488] (II) Module glx: vendor="X.Org Foundation"
[    20.488] 	compiled for 1.20.13, module version = 1.0.0
[    20.489] 	ABI class: X.Org Server Extension, version 10.0
[    20.490] (==) Matched vmware as autoconfigured driver 0
[    20.490] (==) Matched modesetting as autoconfigured driver 1
[    20.490] (==) Matched fbdev as autoconfigured driver 2
[    20.491] (==) Matched vesa as autoconfigured driver 3
[    20.492] (==) Assigned the driver to the xf86ConfigLayout
[    20.492] (II) LoadModule: "vmware"
[    20.495] (II) Loading /usr/lib/xorg/modules/drivers/vmware_drv.so
[    22.171] (II) Module vmware: vendor="X.Org Foundation"
[    22.171] 	compiled for 1.20.8, module version = 13.3.0
[    22.171] 	Module class: X.Org Video Driver
[    22.171] 	ABI class: X.Org Video Driver, version 24.1
[    22.171] (II) LoadModule: "modesetting"
[    22.171] (II) Loading /usr/lib/xorg/modules/drivers/modesetting_drv.so
[    22.176] (II) Module modesetting: vendor="X.Org Foundation"
[    22.176] 	compiled for 1.20.13, module version = 1.20.13
[    22.176] 	Module class: X.Org Video Driver
[    22.176] 	ABI class: X.Org Video Driver, version 24.1
[    22.177] (II) LoadModule: "fbdev"
[    22.177] (II) Loading /usr/lib/xorg/modules/drivers/fbdev_drv.so
[    22.180] (II) Module fbdev: vendor="X.Org Foundation"
[    22.180] 	compiled for 1.20.1, module version = 0.5.0
[    22.180] 	Module class: X.Org Video Driver
[    22.180] 	ABI class: X.Org Video Driver, version 24.0
[    22.180] (II) LoadModule: "vesa"
[    22.180] (II) Loading /usr/lib/xorg/modules/drivers/vesa_drv.so
[    22.182] (II) Module vesa: vendor="X.Org Foundation"
[    22.182] 	compiled for 1.20.4, module version = 2.4.0
[    22.182] 	Module class: X.Org Video Driver
[    22.182] 	ABI class: X.Org Video Driver, version 24.0
[    22.183] (II) vmware: driver for VMware SVGA: vmware0405, vmware0710
[    22.183] (II) modesetting: Driver for Modesetting Kernel Drivers: kms
[    22.183] (II) FBDEV: driver for framebuffer: fbdev
[    22.183] (II) VESA: driver for VESA chipsets: vesa
[    22.183] xf86EnableIOPorts: failed to set IOPL for I/O (Operation not permitted)
[    22.183] (WW) Falling back to old probe method for modesetting
[    22.183] (WW) Falling back to old probe method for fbdev
[    22.183] (II) Loading sub module "fbdevhw"
[    22.183] (II) LoadModule: "fbdevhw"
[    22.184] (II) Loading /usr/lib/xorg/modules/libfbdevhw.so
[    22.186] (II) Module fbdevhw: vendor="X.Org Foundation"
[    22.186] 	compiled for 1.20.13, module version = 0.0.2
[    22.186] 	ABI class: X.Org Video Driver, version 24.1
[    22.186] (EE) open /dev/fb0: Permission denied
[    22.186] (WW) VGA arbiter: cannot open kernel arbiter, no multi-card support
[    22.186] (II) vmware(0): Creating default Display subsection in Screen section
	"Default Screen Section" for depth/fbbpp 24/32
[    22.186] (--) vmware(0): DRM driver version is 2.19.0
[    22.186] (==) vmware(0): Depth 24, (--) framebuffer bpp 32
[    22.186] (==) vmware(0): RGB weight 888
[    22.186] (==) vmware(0): Default visual is TrueColor
[    22.186] (--) vmware(0): Min width 1, Max Width 16384.
[    22.186] (--) vmware(0): Min height 1, Max Height 16384.
[    22.187] (II) vmware(0): Output Virtual1 has no monitor section
[    22.187] (II) vmware(0): Output Virtual2 has no monitor section
[    22.188] (II) vmware(0): Output Virtual3 has no monitor section
[    22.188] (II) vmware(0): Output Virtual4 has no monitor section
[    22.188] (II) vmware(0): Output Virtual5 has no monitor section
[    22.188] (II) vmware(0): Output Virtual6 has no monitor section
[    22.188] (II) vmware(0): Output Virtual7 has no monitor section
[    22.188] (II) vmware(0): Output Virtual8 has no monitor section
[    22.189] (II) vmware(0): Printing probed modes for output Virtual1
[    22.189] (II) vmware(0): Modeline "1918x878"x60.0  127.55  1918 1968 2018 2068  878 928 978 1028 -hsync +vsync (61.7 kHz eP)
[    22.189] (II) vmware(0): Modeline "3840x2400"x60.0  592.25  3840 3888 3920 4000  2400 2403 2409 2469 +hsync -vsync (148.1 kHz e)
[    22.189] (II) vmware(0): Modeline "3840x2160"x60.0  533.00  3840 3888 3920 4000  2160 2163 2168 2222 +hsync -vsync (133.2 kHz e)
[    22.189] (II) vmware(0): Modeline "2880x1800"x59.9  337.50  2880 2928 2960 3040  1800 1803 1809 1852 +hsync -vsync (111.0 kHz e)
[    22.189] (II) vmware(0): Modeline "2560x1600"x60.0  348.50  2560 2752 3032 3504  1600 1603 1609 1658 -hsync +vsync (99.5 kHz e)
[    22.189] (II) vmware(0): Modeline "2560x1440"x60.0  241.50  2560 2608 2640 2720  1440 1443 1448 1481 +hsync -vsync (88.8 kHz e)
[    22.189] (II) vmware(0): Modeline "1920x1440"x60.0  234.00  1920 2048 2256 2600  1440 1441 1444 1500 -hsync +vsync (90.0 kHz e)
[    22.189] (II) vmware(0): Modeline "1856x1392"x60.0  218.25  1856 1952 2176 2528  1392 1393 1396 1439 -hsync +vsync (86.3 kHz e)
[    22.189] (II) vmware(0): Modeline "1792x1344"x60.0  204.75  1792 1920 2120 2448  1344 1345 1348 1394 -hsync +vsync (83.6 kHz e)
[    22.189] (II) vmware(0): Modeline "1920x1200"x59.9  193.25  1920 2056 2256 2592  1200 1203 1209 1245 -hsync +vsync (74.6 kHz e)
[    22.189] (II) vmware(0): Modeline "1920x1080"x60.0  173.00  1920 2048 2248 2576  1080 1083 1088 1120 -hsync +vsync (67.2 kHz e)
[    22.189] (II) vmware(0): Modeline "1600x1200"x60.0  162.00  1600 1664 1856 2160  1200 1201 1204 1250 +hsync +vsync (75.0 kHz e)
[    22.189] (II) vmware(0): Modeline "1680x1050"x60.0  146.25  1680 1784 1960 2240  1050 1053 1059 1089 -hsync +vsync (65.3 kHz e)
[    22.189] (II) vmware(0): Modeline "1400x1050"x60.0  121.75  1400 1488 1632 1864  1050 1053 1057 1089 -hsync +vsync (65.3 kHz e)
[    22.189] (II) vmware(0): Modeline "1280x1024"x60.0  108.00  1280 1328 1440 1688  1024 1025 1028 1066 +hsync +vsync (64.0 kHz e)
[    22.189] (II) vmware(0): Modeline "1440x900"x59.9  106.50  1440 1520 1672 1904  900 903 909 934 -hsync +vsync (55.9 kHz e)
[    22.189] (II) vmware(0): Modeline "1280x960"x60.0  108.00  1280 1376 1488 1800  960 961 964 1000 +hsync +vsync (60.0 kHz e)
[    22.189] (II) vmware(0): Modeline "1360x768"x60.0   85.50  1360 1424 1536 1792  768 771 777 795 +hsync +vsync (47.7 kHz e)
[    22.189] (II) vmware(0): Modeline "1280x800"x59.8   83.50  1280 1352 1480 1680  800 803 809 831 +hsync -vsync (49.7 kHz e)
[    22.189] (II) vmware(0): Modeline "1152x864"x75.0  108.00  1152 1216 1344 1600  864 865 868 900 +hsync +vsync (67.5 kHz e)
[    22.189] (II) vmware(0): Modeline "1280x768"x59.9   79.50  1280 1344 1472 1664  768 771 778 798 -hsync +vsync (47.8 kHz e)
[    22.189] (II) vmware(0): Modeline "1280x720"x59.9   74.50  1280 1344 1472 1664  720 723 728 748 -hsync +vsync (44.8 kHz e)
[    22.189] (II) vmware(0): Modeline "1024x768"x60.0   65.00  1024 1048 1184 1344  768 771 777 806 -hsync -vsync (48.4 kHz e)
[    22.189] (II) vmware(0): Modeline "800x600"x60.3   40.00  800 840 968 1056  600 601 605 628 +hsync +vsync (37.9 kHz e)
[    22.189] (II) vmware(0): Modeline "640x480"x59.9   25.18  640 656 752 800  480 489 492 525 -hsync -vsync (31.5 kHz e)
[    22.190] (II) vmware(0): EDID for output Virtual2
[    22.190] (II) vmware(0): EDID for output Virtual3
[    22.190] (II) vmware(0): EDID for output Virtual4
[    22.190] (II) vmware(0): EDID for output Virtual5
[    22.190] (II) vmware(0): EDID for output Virtual6
[    22.190] (II) vmware(0): EDID for output Virtual7
[    22.190] (II) vmware(0): EDID for output Virtual8
[    22.190] (II) vmware(0): Output Virtual1 connected
[    22.190] (II) vmware(0): Output Virtual2 disconnected
[    22.190] (II) vmware(0): Output Virtual3 disconnected
[    22.190] (II) vmware(0): Output Virtual4 disconnected
[    22.190] (II) vmware(0): Output Virtual5 disconnected
[    22.190] (II) vmware(0): Output Virtual6 disconnected
[    22.190] (II) vmware(0): Output Virtual7 disconnected
[    22.190] (II) vmware(0): Output Virtual8 disconnected
[    22.190] (II) vmware(0): Using exact sizes for initial modes
[    22.190] (II) vmware(0): Output Virtual1 using initial mode 1918x878 +0+0
[    22.190] (==) vmware(0): DPI set to (96, 96)
[    22.190] (==) vmware(0): Using gamma correction (1.0, 1.0, 1.0)
[    22.190] (II) Loading sub module "fb"
[    22.190] (II) LoadModule: "fb"
[    22.191] (II) Loading /usr/lib/xorg/modules/libfb.so
[    22.195] (II) Module fb: vendor="X.Org Foundation"
[    22.195] 	compiled for 1.20.13, module version = 1.0.0
[    22.195] 	ABI class: X.Org ANSI C Emulation, version 0.4
[    22.195] (II) Loading sub module "dri2"
[    22.195] (II) LoadModule: "dri2"
[    22.195] (II) Module "dri2" already built-in
[    22.195] (II) Loading sub module "dri3"
[    22.195] (II) LoadModule: "dri3"
[    22.195] (II) Module "dri3" already built-in
[    22.195] (II) UnloadModule: "modesetting"
[    22.195] (II) Unloading modesetting
[    22.195] (II) UnloadModule: "fbdev"
[    22.195] (II) Unloading fbdev
[    22.195] (II) UnloadSubModule: "fbdevhw"
[    22.195] (II) Unloading fbdevhw
[    22.195] (II) UnloadModule: "vesa"
[    22.195] (II) Unloading vesa
[    22.199] (II) vmware(0): Initialized VMWARE_CTRL extension version 0.2
[    22.320] (II) vmware(0): Gallium3D XA version: 2.5.0.
[    22.320] (II) vmware(0): Path of drm device is "/dev/dri/card0".
[    22.320] (II) vmware(0): [DRI2] Setup complete
[    22.320] (II) vmware(0): [DRI2]   DRI driver: vmwgfx
[    22.685] (--) vmware(0): Render acceleration is enabled.
[    22.685] (==) vmware(0): Rendercheck mode is disabled.
[    22.685] (--) vmware(0): Direct rendering (DRI2 3D) is enabled.
[    22.685] (--) vmware(0): Direct rendering (DRI3 3D) is enabled.
[    22.685] (==) vmware(0): Direct presents are disabled.
[    22.686] (==) vmware(0): Hardware only presents are automatic per scanout.
[    22.686] (==) vmware(0): Backing store enabled
[    22.686] (==) vmware(0): Silken mouse enabled
[    22.693] (==) vmware(0): DPMS enabled
[    22.694] (II) Initializing extension Generic Event Extension
[    22.694] (II) Initializing extension SHAPE
[    22.695] (II) Initializing extension MIT-SHM
[    22.696] (II) Initializing extension XInputExtension
[    22.699] (II) Initializing extension XTEST
[    22.701] (II) Initializing extension BIG-REQUESTS
[    22.702] (II) Initializing extension SYNC
[    22.702] (II) Initializing extension XKEYBOARD
[    22.703] (II) Initializing extension XC-MISC
[    22.704] (II) Initializing extension SECURITY
[    22.704] (II) Initializing extension XFIXES
[    22.705] (II) Initializing extension RENDER
[    22.705] (II) Initializing extension RANDR
[    22.706] (II) Initializing extension COMPOSITE
[    22.707] (II) Initializing extension DAMAGE
[    22.707] (II) Initializing extension MIT-SCREEN-SAVER
[    22.708] (II) Initializing extension DOUBLE-BUFFER
[    22.708] (II) Initializing extension RECORD
[    22.708] (II) Initializing extension DPMS
[    22.709] (II) Initializing extension Present
[    22.710] (II) Initializing extension DRI3
[    22.711] (II) Initializing extension X-Resource
[    22.711] (II) Initializing extension XVideo
[    22.712] (II) Initializing extension XVideo-MotionCompensation
[    22.712] (II) Initializing extension SELinux
[    22.713] (II) SELinux: Disabled on system
[    22.713] (II) Initializing extension GLX
[    22.925] (II) AIGLX: Loaded and initialized vmwgfx
[    22.925] (II) GLX: Initialized DRI2 GL provider for screen 0
[    22.926] (II) Initializing extension XFree86-VidModeExtension
[    22.926] (II) Initializing extension XFree86-DGA
[    22.926] (II) Initializing extension XFree86-DRI
[    22.926] (II) Initializing extension DRI2
[    22.932] (II) vmware(0): Setting screen physical size to 507 x 232
[    23.162] (II) config/udev: Adding input device Power Button (/dev/input/event0)
[    23.162] (**) Power Button: Applying InputClass "libinput keyboard catchall"
[    23.162] (II) LoadModule: "libinput"
[    23.163] (II) Loading /usr/lib/xorg/modules/input/libinput_drv.so
[    23.183] (II) Module libinput: vendor="X.Org Foundation"
[    23.183] 	compiled for 1.20.4, module version = 0.29.0
[    23.183] 	Module class: X.Org XInput Driver
[    23.183] 	ABI class: X.Org XInput driver, version 24.1
[    23.183] (II) Using input driver 'libinput' for 'Power Button'
[    23.186] (II) systemd-logind: got fd for /dev/input/event0 13:64 fd 24 paused 0
[    23.186] (**) Power Button: always reports core events
[    23.186] (**) Option "Device" "/dev/input/event0"
[    23.187] (**) Option "_source" "server/udev"
[    23.222] (II) event0  - Power Button: is tagged by udev as: Keyboard
[    23.222] (II) event0  - Power Button: device is a keyboard
[    23.222] (II) event0  - Power Button: device removed
[    23.222] (**) Option "config_info" "udev:/sys/devices/LNXSYSTM:00/LNXPWRBN:00/input/input0/event0"
[    23.223] (II) XINPUT: Adding extended input device "Power Button" (type: KEYBOARD, id 6)
[    23.223] (**) Option "xkb_model" "pc105"
[    23.223] (**) Option "xkb_layout" "us"
[    23.227] (II) event0  - Power Button: is tagged by udev as: Keyboard
[    23.227] (II) event0  - Power Button: device is a keyboard
[    23.232] (II) config/udev: Adding input device VMware VMware Virtual USB Mouse (/dev/input/event4)
[    23.232] (**) VMware VMware Virtual USB Mouse: Applying InputClass "libinput pointer catchall"
[    23.232] (II) Using input driver 'libinput' for 'VMware VMware Virtual USB Mouse'
[    23.297] (II) systemd-logind: got fd for /dev/input/event4 13:68 fd 27 paused 0
[    23.297] (**) VMware VMware Virtual USB Mouse: always reports core events
[    23.297] (**) Option "Device" "/dev/input/event4"
[    23.297] (**) Option "_source" "server/udev"
[    23.305] (II) event4  - VMware VMware Virtual USB Mouse: is tagged by udev as: Mouse
[    23.311] (II) event4  - VMware VMware Virtual USB Mouse: device is a pointer
[    23.313] (II) event4  - VMware VMware Virtual USB Mouse: device removed
[    23.313] (**) Option "config_info" "udev:/sys/devices/pci0000:00/0000:00:11.0/0000:02:00.0/usb2/2-1/2-1:1.0/0003:0E0F:0003.0001/input/input5/event4"
[    23.314] (II) XINPUT: Adding extended input device "VMware VMware Virtual USB Mouse" (type: MOUSE, id 7)
[    23.315] (**) Option "AccelerationScheme" "none"
[    23.317] (**) VMware VMware Virtual USB Mouse: (accel) selected scheme none/0
[    23.317] (**) VMware VMware Virtual USB Mouse: (accel) acceleration factor: 2.000
[    23.318] (**) VMware VMware Virtual USB Mouse: (accel) acceleration threshold: 4
[    23.333] (II) event4  - VMware VMware Virtual USB Mouse: is tagged by udev as: Mouse
[    23.334] (II) event4  - VMware VMware Virtual USB Mouse: device is a pointer
[    23.341] (II) config/udev: Adding input device VMware VMware Virtual USB Mouse (/dev/input/mouse2)
[    23.342] (II) No input driver specified, ignoring this device.
[    23.343] (II) This device may have been added with another device file.
[    23.346] (II) config/udev: Adding input device AT Translated Set 2 keyboard (/dev/input/event1)
[    23.346] (**) AT Translated Set 2 keyboard: Applying InputClass "libinput keyboard catchall"
[    23.346] (II) Using input driver 'libinput' for 'AT Translated Set 2 keyboard'
[    23.351] (II) systemd-logind: got fd for /dev/input/event1 13:65 fd 28 paused 0
[    23.351] (**) AT Translated Set 2 keyboard: always reports core events
[    23.351] (**) Option "Device" "/dev/input/event1"
[    23.351] (**) Option "_source" "server/udev"
[    23.358] (II) event1  - AT Translated Set 2 keyboard: is tagged by udev as: Keyboard
[    23.358] (II) event1  - AT Translated Set 2 keyboard: device is a keyboard
[    23.360] (II) event1  - AT Translated Set 2 keyboard: device removed
[    23.360] (**) Option "config_info" "udev:/sys/devices/platform/i8042/serio0/input/input1/event1"
[    23.360] (II) XINPUT: Adding extended input device "AT Translated Set 2 keyboard" (type: KEYBOARD, id 8)
[    23.360] (**) Option "xkb_model" "pc105"
[    23.360] (**) Option "xkb_layout" "us"
[    23.372] (II) event1  - AT Translated Set 2 keyboard: is tagged by udev as: Keyboard
[    23.372] (II) event1  - AT Translated Set 2 keyboard: device is a keyboard
[    23.375] (II) config/udev: Adding input device VirtualPS/2 VMware VMMouse (/dev/input/event3)
[    23.375] (**) VirtualPS/2 VMware VMMouse: Applying InputClass "libinput pointer catchall"
[    23.375] (II) Using input driver 'libinput' for 'VirtualPS/2 VMware VMMouse'
[    23.395] (II) systemd-logind: got fd for /dev/input/event3 13:67 fd 29 paused 0
[    23.395] (**) VirtualPS/2 VMware VMMouse: always reports core events
[    23.395] (**) Option "Device" "/dev/input/event3"
[    23.396] (**) Option "_source" "server/udev"
[    23.399] (II) event3  - VirtualPS/2 VMware VMMouse: is tagged by udev as: Mouse
[    23.400] (II) event3  - VirtualPS/2 VMware VMMouse: device is a pointer
[    23.401] (II) event3  - VirtualPS/2 VMware VMMouse: device removed
[    23.401] (**) Option "config_info" "udev:/sys/devices/platform/i8042/serio1/input/input3/event3"
[    23.401] (II) XINPUT: Adding extended input device "VirtualPS/2 VMware VMMouse" (type: MOUSE, id 9)
[    23.401] (**) Option "AccelerationScheme" "none"
[    23.401] (**) VirtualPS/2 VMware VMMouse: (accel) selected scheme none/0
[    23.401] (**) VirtualPS/2 VMware VMMouse: (accel) acceleration factor: 2.000
[    23.401] (**) VirtualPS/2 VMware VMMouse: (accel) acceleration threshold: 4
[    23.405] (II) event3  - VirtualPS/2 VMware VMMouse: is tagged by udev as: Mouse
[    23.406] (II) event3  - VirtualPS/2 VMware VMMouse: device is a pointer
[    23.408] (II) config/udev: Adding input device VirtualPS/2 VMware VMMouse (/dev/input/mouse1)
[    23.408] (II) No input driver specified, ignoring this device.
[    23.408] (II) This device may have been added with another device file.
[    23.410] (II) config/udev: Adding input device VirtualPS/2 VMware VMMouse (/dev/input/event2)
[    23.410] (**) VirtualPS/2 VMware VMMouse: Applying InputClass "libinput pointer catchall"
[    23.410] (II) Using input driver 'libinput' for 'VirtualPS/2 VMware VMMouse'
[    23.418] (II) systemd-logind: got fd for /dev/input/event2 13:66 fd 30 paused 0
[    23.418] (**) VirtualPS/2 VMware VMMouse: always reports core events
[    23.418] (**) Option "Device" "/dev/input/event2"
[    23.418] (**) Option "_source" "server/udev"
[    23.422] (II) event2  - VirtualPS/2 VMware VMMouse: is tagged by udev as: Mouse
[    23.423] (II) event2  - VirtualPS/2 VMware VMMouse: device is a pointer
[    23.423] (II) event2  - VirtualPS/2 VMware VMMouse: device removed
[    23.424] (**) Option "config_info" "udev:/sys/devices/platform/i8042/serio1/input/input4/event2"
[    23.424] (II) XINPUT: Adding extended input device "VirtualPS/2 VMware VMMouse" (type: MOUSE, id 10)
[    23.424] (**) Option "AccelerationScheme" "none"
[    23.424] (**) VirtualPS/2 VMware VMMouse: (accel) selected scheme none/0
[    23.424] (**) VirtualPS/2 VMware VMMouse: (accel) acceleration factor: 2.000
[    23.424] (**) VirtualPS/2 VMware VMMouse: (accel) acceleration threshold: 4
[    23.430] (II) event2  - VirtualPS/2 VMware VMMouse: is tagged by udev as: Mouse
[    23.431] (II) event2  - VirtualPS/2 VMware VMMouse: device is a pointer
[    23.433] (II) config/udev: Adding input device VirtualPS/2 VMware VMMouse (/dev/input/mouse0)
[    23.433] (II) No input driver specified, ignoring this device.
[    23.433] (II) This device may have been added with another device file.
