2024-05-03 01:54:26.666 [info] Started local extension host with pid 7320.
2024-05-03 01:54:27.138 [info] Started initializing default profile extensions in extensions installation folder. file:///home/tasneem/.vscode/extensions
2024-05-03 01:54:30.058 [info] Completed initializing default profile extensions in extensions installation folder. file:///home/tasneem/.vscode/extensions
2024-05-03 01:54:36.899 [info] [perf] Render performance baseline is 92ms
2024-05-03 01:58:53.773 [error] Cancelled: Canceled
    at ee.B (vscode-file://vscode-app/snap/code/158/usr/share/code/resources/app/out/vs/workbench/workbench.desktop.main.js:792:24018)
    at async ee.z (vscode-file://vscode-app/snap/code/158/usr/share/code/resources/app/out/vs/workbench/workbench.desktop.main.js:792:20814)
    at async ee.z (vscode-file://vscode-app/snap/code/158/usr/share/code/resources/app/out/vs/workbench/workbench.desktop.main.js:792:21759)
    at async _ (vscode-file://vscode-app/snap/code/158/usr/share/code/resources/app/out/vs/workbench/workbench.desktop.main.js:792:19741)
    at async ee.query (vscode-file://vscode-app/snap/code/158/usr/share/code/resources/app/out/vs/workbench/workbench.desktop.main.js:792:20039)
    at async X.queryGallery (vscode-file://vscode-app/snap/code/158/usr/share/code/resources/app/out/vs/workbench/workbench.desktop.main.js:2477:13663)
    at async ne.Kc (vscode-file://vscode-app/snap/code/158/usr/share/code/resources/app/out/vs/workbench/workbench.desktop.main.js:2413:23125)
    at async ne.uc (vscode-file://vscode-app/snap/code/158/usr/share/code/resources/app/out/vs/workbench/workbench.desktop.main.js:2413:14733)
    at async vscode-file://vscode-app/snap/code/158/usr/share/code/resources/app/out/vs/workbench/workbench.desktop.main.js:2413:13032
2024-05-03 01:58:54.508 [error] Cancelled: Canceled
    at ee.B (vscode-file://vscode-app/snap/code/158/usr/share/code/resources/app/out/vs/workbench/workbench.desktop.main.js:792:24018)
    at async ee.z (vscode-file://vscode-app/snap/code/158/usr/share/code/resources/app/out/vs/workbench/workbench.desktop.main.js:792:20814)
    at async _ (vscode-file://vscode-app/snap/code/158/usr/share/code/resources/app/out/vs/workbench/workbench.desktop.main.js:792:19741)
    at async ee.query (vscode-file://vscode-app/snap/code/158/usr/share/code/resources/app/out/vs/workbench/workbench.desktop.main.js:792:20039)
    at async X.queryGallery (vscode-file://vscode-app/snap/code/158/usr/share/code/resources/app/out/vs/workbench/workbench.desktop.main.js:2477:13663)
    at async Me.Kc (vscode-file://vscode-app/snap/code/158/usr/share/code/resources/app/out/vs/workbench/workbench.desktop.main.js:2413:23125)
    at async Me.uc (vscode-file://vscode-app/snap/code/158/usr/share/code/resources/app/out/vs/workbench/workbench.desktop.main.js:2413:14733)
    at async vscode-file://vscode-app/snap/code/158/usr/share/code/resources/app/out/vs/workbench/workbench.desktop.main.js:2413:13032
2024-05-03 02:03:04.322 [error] Cancelled: Canceled
    at ee.B (vscode-file://vscode-app/snap/code/158/usr/share/code/resources/app/out/vs/workbench/workbench.desktop.main.js:792:24018)
    at async ee.z (vscode-file://vscode-app/snap/code/158/usr/share/code/resources/app/out/vs/workbench/workbench.desktop.main.js:792:20814)
    at async _ (vscode-file://vscode-app/snap/code/158/usr/share/code/resources/app/out/vs/workbench/workbench.desktop.main.js:792:19741)
    at async ee.query (vscode-file://vscode-app/snap/code/158/usr/share/code/resources/app/out/vs/workbench/workbench.desktop.main.js:792:20039)
    at async X.queryGallery (vscode-file://vscode-app/snap/code/158/usr/share/code/resources/app/out/vs/workbench/workbench.desktop.main.js:2477:13663)
    at async ne.Kc (vscode-file://vscode-app/snap/code/158/usr/share/code/resources/app/out/vs/workbench/workbench.desktop.main.js:2413:23125)
    at async ne.uc (vscode-file://vscode-app/snap/code/158/usr/share/code/resources/app/out/vs/workbench/workbench.desktop.main.js:2413:14733)
    at async vscode-file://vscode-app/snap/code/158/usr/share/code/resources/app/out/vs/workbench/workbench.desktop.main.js:2413:13032
2024-05-03 02:03:04.324 [error] Cancelled: Canceled
    at ee.B (vscode-file://vscode-app/snap/code/158/usr/share/code/resources/app/out/vs/workbench/workbench.desktop.main.js:792:24018)
    at async ee.z (vscode-file://vscode-app/snap/code/158/usr/share/code/resources/app/out/vs/workbench/workbench.desktop.main.js:792:20814)
    at async ee.getExtensions (vscode-file://vscode-app/snap/code/158/usr/share/code/resources/app/out/vs/workbench/workbench.desktop.main.js:792:17451)
    at async X.getExtensions (vscode-file://vscode-app/snap/code/158/usr/share/code/resources/app/out/vs/workbench/workbench.desktop.main.js:2477:14090)
    at async Oe.Oc (vscode-file://vscode-app/snap/code/158/usr/share/code/resources/app/out/vs/workbench/workbench.desktop.main.js:2413:25245)
    at async Oe.Xc (vscode-file://vscode-app/snap/code/158/usr/share/code/resources/app/out/vs/workbench/workbench.desktop.main.js:2413:28002)
    at async Oe.uc (vscode-file://vscode-app/snap/code/158/usr/share/code/resources/app/out/vs/workbench/workbench.desktop.main.js:2413:14733)
    at async vscode-file://vscode-app/snap/code/158/usr/share/code/resources/app/out/vs/workbench/workbench.desktop.main.js:2413:13032
2024-05-03 02:15:35.319 [info] Started local extension host with pid 7741.
2024-05-03 02:15:40.088 [info] [perf] Render performance baseline is 109ms
