2024-05-03 01:54:25.493 [info] Added views:workbench.panel.markers.view in workbench.panel.markers
2024-05-03 01:54:25.493 [info] Added views:workbench.panel.output in workbench.panel.output
2024-05-03 01:54:25.493 [info] Added views:terminal in terminal
2024-05-03 01:54:25.493 [info] Added views:outline in workbench.view.explorer
2024-05-03 01:54:25.493 [info] Added views:workbench.scm in workbench.view.scm
2024-05-03 01:54:25.493 [info] Added views:workbench.view.search in workbench.view.search
2024-05-03 01:54:25.493 [info] Added views:timeline in workbench.view.explorer
2024-05-03 01:54:25.493 [info] Added views:workbench.explorer.fileView in workbench.view.explorer
2024-05-03 01:54:27.223 [info] Added views:workbench.debug.variablesView,workbench.debug.watchExpressionsView,workbench.debug.callStackView,workbench.debug.breakPointsView in workbench.view.debug
2024-05-03 01:54:31.017 [info] Added views:~remote.forwardedPorts in ~remote.forwardedPortsContainer
2024-05-03 01:54:31.888 [info] Added views:workbench.panel.repl.view in workbench.panel.repl
2024-05-03 01:54:31.893 [info] Removed views:workbench.debug.breakPointsView,workbench.debug.callStackView,workbench.debug.watchExpressionsView,workbench.debug.variablesView from workbench.view.debug
2024-05-03 01:54:31.898 [info] Added views:workbench.debug.welcome in workbench.view.debug
2024-05-03 01:58:44.446 [info] Added views:workbench.debug.breakPointsView in workbench.view.debug
2024-05-03 01:58:48.282 [info] Added views:workbench.views.extensions.installed,workbench.views.extensions.popular,extensions.recommendedList in workbench.view.extensions
2024-05-03 01:58:48.295 [info] Removed views:workbench.views.extensions.popular from workbench.view.extensions
2024-05-03 01:58:49.793 [info] Added views:workbench.views.extensions.popular in workbench.view.extensions
2024-05-03 01:58:53.703 [info] Removed views:extensions.recommendedList,workbench.views.extensions.popular,workbench.views.extensions.installed from workbench.view.extensions
2024-05-03 01:58:53.756 [info] Added views:workbench.views.extensions.marketplace in workbench.view.extensions
2024-05-03 02:03:02.004 [info] Removed views:workbench.views.extensions.marketplace from workbench.view.extensions
2024-05-03 02:03:02.138 [info] Added views:workbench.views.extensions.installed,workbench.views.extensions.popular,extensions.recommendedList in workbench.view.extensions
2024-05-03 02:03:04.277 [info] Removed views:extensions.recommendedList,workbench.views.extensions.popular,workbench.views.extensions.installed from workbench.view.extensions
2024-05-03 02:03:04.316 [info] Added views:workbench.views.extensions.marketplace in workbench.view.extensions
2024-05-03 02:05:31.547 [info] Removed views:workbench.views.extensions.marketplace from workbench.view.extensions
2024-05-03 02:05:31.605 [info] Added views:workbench.views.extensions.installed,workbench.views.extensions.popular,extensions.recommendedList in workbench.view.extensions
2024-05-03 02:09:23.170 [info] Added views:workbench.view.testing in workbench.view.extension.test
2024-05-03 02:15:31.451 [info] Removed views:workbench.view.testing from workbench.view.extension.test
2024-05-03 02:15:34.769 [info] Added views:workbench.panel.markers.view in workbench.panel.markers
2024-05-03 02:15:34.769 [info] Added views:workbench.panel.output in workbench.panel.output
2024-05-03 02:15:34.769 [info] Added views:terminal in terminal
2024-05-03 02:15:34.769 [info] Added views:outline in workbench.view.explorer
2024-05-03 02:15:34.769 [info] Added views:workbench.scm in workbench.view.scm
2024-05-03 02:15:34.769 [info] Added views:workbench.view.search in workbench.view.search
2024-05-03 02:15:34.769 [info] Added views:timeline in workbench.view.explorer
2024-05-03 02:15:34.769 [info] Added views:workbench.explorer.fileView in workbench.view.explorer
2024-05-03 02:15:36.440 [info] Added views:workbench.debug.variablesView,workbench.debug.watchExpressionsView,workbench.debug.callStackView,workbench.debug.breakPointsView in workbench.view.debug
2024-05-03 02:15:36.608 [info] Added views:workbench.panel.repl.view in workbench.panel.repl
2024-05-03 02:15:36.615 [info] Removed views:workbench.debug.breakPointsView,workbench.debug.callStackView,workbench.debug.watchExpressionsView,workbench.debug.variablesView from workbench.view.debug
2024-05-03 02:15:36.616 [info] Added views:workbench.debug.welcome in workbench.view.debug
2024-05-03 02:15:37.335 [info] Added views:~remote.forwardedPorts in ~remote.forwardedPortsContainer
2024-05-03 02:16:36.010 [info] Added views:workbench.view.testing in workbench.view.extension.test
